<?xml version="1.0" encoding="UTF-8"?>
<!-- Generated by org.testng.reporters.JUnitReportReporter -->
<testsuite name="core.CrossBrowserTest" tests="1" time="8.494" ignored="0" failures="0" timestamp="25 Sep 2017 00:02:14 GMT" skipped="0" hostname="AnnaMac-2.local" errors="0">
  <testcase name="test" time="8.494" classname="core.CrossBrowserTest"/>
</testsuite> <!-- core.CrossBrowserTest -->
